<?xml version="1.0" encoding="UTF-8"?>
<testsuite name="setting.SettingsTest" tests="3" skipped="0" failures="0" errors="0" timestamp="2020-05-17T21:44:58" hostname="Alexanders-MBP.fritz.box" time="0.044">
  <properties/>
  <testcase name="SettingsFile()" classname="setting.SettingsTest" time="0.02"/>
  <testcase name="SettingsList()" classname="setting.SettingsTest" time="0.005"/>
  <testcase name="SettingsIO()" classname="setting.SettingsTest" time="0.015"/>
  <system-out><![CDATA[[17-05-2020 - 23-44-58] [Info] Deleted 0 log files!
[17-05-2020 - 23-44-58] [Info] Successfully created 17-05-2020 - 23-44-58.txt
[17-05-2020 - 23-44-58] [Info] Log file successfully created!
[17-05-2020 - 23-44-58] [Info] Successfully created test.settings
[17-05-2020 - 23-44-58] [Test] Settings file - PASSED
[17-05-2020 - 23-44-58] [Test] Settings list - PASSED
[17-05-2020 - 23-44-58] [Test] Settings IO - PASSED
[17-05-2020 - 23-44-58] [Info] Successfully deleted: test.settings
[17-05-2020 - 23-44-58] [Info] Log file successfully saved!
]]></system-out>
  <system-err><![CDATA[]]></system-err>
</testsuite>
